Started served at: 2018/0/5 - 21:1:40
Started served at: 2018/0/5 - 21:4:43
Started served at: 2018/0/5 - 21:37:19
Started served at: 2018/0/6 - 16:53:15
Started served at: 2018/0/6 - 17:12:40
Started served at: 2018/0/6 - 17:15:36
Llega al signup
{ genSaltSync: [Function: genSaltSync],
  genSalt: [Function: genSalt],
  hashSync: [Function: hashSync],
  hash: [Function: hash],
  compareSync: [Function: compareSync],
  compare: [Function: compare],
  getRounds: [Function: getRounds] }
Started served at: 2018/0/6 - 17:17:46
Llega al user
{ genSaltSync: [Function: genSaltSync],
  genSalt: [Function: genSalt],
  hashSync: [Function: hashSync],
  hash: [Function: hash],
  compareSync: [Function: compareSync],
  compare: [Function: compare],
  getRounds: [Function: getRounds] }
Started served at: 2018/0/6 - 17:23:24
Started served at: 2018/0/1 - 19:57:5
Started served at: 2018/0/1 - 19:59:23
Started served at: 2018/0/2 - 20:20:27
Started served at: 2018/0/2 - 20:23:49
Started served at: 2018/0/2 - 20:26:19
{}
{}
Started served at: 2018/0/2 - 20:32:59
Started served at: 2018/0/2 - 20:37:48
Started served at: 2018/0/2 - 20:42:42
Started served at: 2018/0/2 - 20:48:17
Started served at: 2018/0/2 - 20:50:57
Started served at: 2018/1/4 - 22:16:36
Started served at: 2018/1/6 - 21:23:51
Started served at: 2018/1/1 - 19:58:39
{ TokenExpiredError: jwt expired
    at Object.module.exports [as verify] (/home/sportmanagement/mywedding/node_modules/jsonwebtoken/verify.js:126:19)
    at exports.tokenVerify (/home/sportmanagement/mywedding/controllers/token.js:13:10)
    at Layer.handle [as handle_request] (/home/sportmanagement/mywedding/node_modules/express/lib/router/layer.js:95:5)
    at trim_prefix (/home/sportmanagement/mywedding/node_modules/express/lib/router/index.js:317:13)
    at /home/sportmanagement/mywedding/node_modules/express/lib/router/index.js:284:7
    at Function.process_params (/home/sportmanagement/mywedding/node_modules/express/lib/router/index.js:335:12)
    at next (/home/sportmanagement/mywedding/node_modules/express/lib/router/index.js:275:10)
    at /home/sportmanagement/mywedding/node_modules/express/lib/router/index.js:635:15
    at next (/home/sportmanagement/mywedding/node_modules/express/lib/router/index.js:260:14)
    at Function.handle (/home/sportmanagement/mywedding/node_modules/express/lib/router/index.js:174:3)
    at router (/home/sportmanagement/mywedding/node_modules/express/lib/router/index.js:47:12)
    at Layer.handle [as handle_request] (/home/sportmanagement/mywedding/node_modules/express/lib/router/layer.js:95:5)
    at trim_prefix (/home/sportmanagement/mywedding/node_modules/express/lib/router/index.js:317:13)
    at /home/sportmanagement/mywedding/node_modules/express/lib/router/index.js:284:7
    at Function.process_params (/home/sportmanagement/mywedding/node_modules/express/lib/router/index.js:335:12)
    at next (/home/sportmanagement/mywedding/node_modules/express/lib/router/index.js:275:10)
  name: 'TokenExpiredError',
  message: 'jwt expired',
  expiredAt: 2018-02-03T16:17:46.000Z }
Started served at: 2018/1/1 - 20:2:0
Started served at: 2018/1/1 - 20:8:35
Started served at: 2018/1/1 - 20:11:33
Started served at: 2018/1/1 - 20:19:16
Started served at: 2018/1/1 - 20:19:45
Started served at: 2018/1/1 - 20:31:58
Started served at: 2018/1/2 - 8:25:36
Started served at: 2018/1/2 - 19:31:8
Started served at: 2018/1/4 - 1:10:49
Started served at: 2018/1/4 - 16:8:38
Started served at: 2018/1/6 - 12:49:47
Started served at: 2018/1/6 - 14:28:59
Started served at: 2018/1/6 - 18:38:53
Started served at: 2018/1/6 - 19:11:12
Started served at: 2018/1/6 - 19:55:9
Started served at: 2018/1/6 - 20:1:48
undefined
Started served at: 2018/1/6 - 20:3:36
USUARIO: {"_id":null,"email":"nuriacastroalbertos@gmail.com","password":"123456","name":"Nuria","lastname":"Castro Albertos","isConfirmed":false,"isActive":true,"allergies":null}
BODY: [object Object]
Started served at: 2018/1/6 - 20:6:39
EMAIL LOGIN: gonzovazqu@gmail.com
USUARIO: {"_id":null,"email":"nuriacastroalbertos@gmail.com","password":"123456","name":"Nuria","lastname":"Castro Albertos","isConfirmed":false,"isActive":true,"allergies":null}
EMAIL: undefined
BODY: [object Object]
Started served at: 2018/1/6 - 20:10:10
Started served at: 2018/1/6 - 20:12:16
EMAIL PARSED: nuriacastroalbertos@gmail.com
Started served at: 2018/1/6 - 20:15:57
Started served at: 2018/1/6 - 22:57:8
Started served at: 2018/1/0 - 11:54:15
Started served at: 2018/1/0 - 13:15:39
Started served at: 2018/1/4 - 2:47:50
Started served at: 2018/1/6 - 9:0:58
Started served at: 2018/1/6 - 9:40:34
Started served at: 2018/1/6 - 12:15:6
Started served at: 2018/1/1 - 20:25:7
Started served at: 2018/1/2 - 22:28:39
Started served at: 2018/1/4 - 13:12:0
Started served at: 2018/1/4 - 20:17:7
Started served at: 2018/1/4 - 21:41:39
Started served at: 2018/1/0 - 12:25:11
{ TokenExpiredError: jwt expired
    at Object.module.exports [as verify] (/home/sportmanagement/mywedding/node_modules/jsonwebtoken/verify.js:126:19)
    at exports.tokenVerify (/home/sportmanagement/mywedding/controllers/token.js:13:10)
    at Layer.handle [as handle_request] (/home/sportmanagement/mywedding/node_modules/express/lib/router/layer.js:95:5)
    at trim_prefix (/home/sportmanagement/mywedding/node_modules/express/lib/router/index.js:317:13)
    at /home/sportmanagement/mywedding/node_modules/express/lib/router/index.js:284:7
    at Function.process_params (/home/sportmanagement/mywedding/node_modules/express/lib/router/index.js:335:12)
    at next (/home/sportmanagement/mywedding/node_modules/express/lib/router/index.js:275:10)
    at /home/sportmanagement/mywedding/node_modules/express/lib/router/index.js:635:15
    at next (/home/sportmanagement/mywedding/node_modules/express/lib/router/index.js:260:14)
    at Function.handle (/home/sportmanagement/mywedding/node_modules/express/lib/router/index.js:174:3)
    at router (/home/sportmanagement/mywedding/node_modules/express/lib/router/index.js:47:12)
    at Layer.handle [as handle_request] (/home/sportmanagement/mywedding/node_modules/express/lib/router/layer.js:95:5)
    at trim_prefix (/home/sportmanagement/mywedding/node_modules/express/lib/router/index.js:317:13)
    at /home/sportmanagement/mywedding/node_modules/express/lib/router/index.js:284:7
    at Function.process_params (/home/sportmanagement/mywedding/node_modules/express/lib/router/index.js:335:12)
    at next (/home/sportmanagement/mywedding/node_modules/express/lib/router/index.js:275:10)
  name: 'TokenExpiredError',
  message: 'jwt expired',
  expiredAt: 2018-02-03T16:17:46.000Z }
Started served at: 2018/1/0 - 13:1:7
Started served at: 2018/1/0 - 13:14:23
Started served at: 2018/1/0 - 13:27:37
Started served at: 2018/1/0 - 13:31:22
Started served at: 2018/1/0 - 13:34:41
Started served at: 2018/1/0 - 13:38:58
Headers: [object Object]
Token: undefined
